C:\USERS\ANDY\DESKTOP\PROGRAMS\NERUAL_NETWORK\NERUAL_NETWORK\DEBUG\VC110.PDB
C:\USERS\ANDY\DESKTOP\PROGRAMS\NERUAL_NETWORK\NERUAL_NETWORK\DEBUG\NEURAL_NETWORK.OBJ
C:\USERS\ANDY\DESKTOP\PROGRAMS\NERUAL_NETWORK\NERUAL_NETWORK\DEBUG\SOURCE.OBJ
C:\USERS\ANDY\DESKTOP\PROGRAMS\NERUAL_NETWORK\DEBUG\NERUAL_NETWORK.ILK
C:\USERS\ANDY\DESKTOP\PROGRAMS\NERUAL_NETWORK\DEBUG\NERUAL_NETWORK.EXE
C:\USERS\ANDY\DESKTOP\PROGRAMS\NERUAL_NETWORK\DEBUG\NERUAL_NETWORK.PDB
C:\Users\Andy\Desktop\Programs\Nerual_Network\Nerual_Network\Debug\Neural_Network.obj
C:\Users\Andy\Desktop\Programs\Nerual_Network\Nerual_Network\Debug\Source.obj
C:\Users\Andy\Desktop\Programs\Nerual_Network\Nerual_Network\Debug\cl.command.1.tlog
C:\Users\Andy\Desktop\Programs\Nerual_Network\Nerual_Network\Debug\CL.read.1.tlog
C:\Users\Andy\Desktop\Programs\Nerual_Network\Nerual_Network\Debug\CL.write.1.tlog
C:\Users\Andy\Desktop\Programs\Nerual_Network\Nerual_Network\Debug\link-cvtres.read.1.tlog
C:\Users\Andy\Desktop\Programs\Nerual_Network\Nerual_Network\Debug\link-cvtres.write.1.tlog
C:\Users\Andy\Desktop\Programs\Nerual_Network\Nerual_Network\Debug\link-rc.read.1.tlog
C:\Users\Andy\Desktop\Programs\Nerual_Network\Nerual_Network\Debug\link-rc.write.1.tlog
C:\Users\Andy\Desktop\Programs\Nerual_Network\Nerual_Network\Debug\link.10136-cvtres.read.1.tlog
C:\Users\Andy\Desktop\Programs\Nerual_Network\Nerual_Network\Debug\link.10136-cvtres.write.1.tlog
C:\Users\Andy\Desktop\Programs\Nerual_Network\Nerual_Network\Debug\link.10136-rc.read.1.tlog
C:\Users\Andy\Desktop\Programs\Nerual_Network\Nerual_Network\Debug\link.10136-rc.write.1.tlog
C:\Users\Andy\Desktop\Programs\Nerual_Network\Nerual_Network\Debug\link.10136.read.1.tlog
C:\Users\Andy\Desktop\Programs\Nerual_Network\Nerual_Network\Debug\link.10136.write.1.tlog
C:\Users\Andy\Desktop\Programs\Nerual_Network\Nerual_Network\Debug\link.2192-cvtres.read.1.tlog
C:\Users\Andy\Desktop\Programs\Nerual_Network\Nerual_Network\Debug\link.2192-cvtres.write.1.tlog
C:\Users\Andy\Desktop\Programs\Nerual_Network\Nerual_Network\Debug\link.2192-rc.read.1.tlog
C:\Users\Andy\Desktop\Programs\Nerual_Network\Nerual_Network\Debug\link.2192-rc.write.1.tlog
C:\Users\Andy\Desktop\Programs\Nerual_Network\Nerual_Network\Debug\link.2192.read.1.tlog
C:\Users\Andy\Desktop\Programs\Nerual_Network\Nerual_Network\Debug\link.2192.write.1.tlog
C:\Users\Andy\Desktop\Programs\Nerual_Network\Nerual_Network\Debug\link.5080-cvtres.read.1.tlog
C:\Users\Andy\Desktop\Programs\Nerual_Network\Nerual_Network\Debug\link.5080-cvtres.write.1.tlog
C:\Users\Andy\Desktop\Programs\Nerual_Network\Nerual_Network\Debug\link.5080-rc.read.1.tlog
C:\Users\Andy\Desktop\Programs\Nerual_Network\Nerual_Network\Debug\link.5080-rc.write.1.tlog
C:\Users\Andy\Desktop\Programs\Nerual_Network\Nerual_Network\Debug\link.5080.read.1.tlog
C:\Users\Andy\Desktop\Programs\Nerual_Network\Nerual_Network\Debug\link.5080.write.1.tlog
C:\Users\Andy\Desktop\Programs\Nerual_Network\Nerual_Network\Debug\link.7380-cvtres.read.1.tlog
C:\Users\Andy\Desktop\Programs\Nerual_Network\Nerual_Network\Debug\link.7380-cvtres.write.1.tlog
C:\Users\Andy\Desktop\Programs\Nerual_Network\Nerual_Network\Debug\link.7380-rc.read.1.tlog
C:\Users\Andy\Desktop\Programs\Nerual_Network\Nerual_Network\Debug\link.7380-rc.write.1.tlog
C:\Users\Andy\Desktop\Programs\Nerual_Network\Nerual_Network\Debug\link.7380.read.1.tlog
C:\Users\Andy\Desktop\Programs\Nerual_Network\Nerual_Network\Debug\link.7380.write.1.tlog
C:\Users\Andy\Desktop\Programs\Nerual_Network\Nerual_Network\Debug\link.8220-cvtres.read.1.tlog
C:\Users\Andy\Desktop\Programs\Nerual_Network\Nerual_Network\Debug\link.8220-cvtres.write.1.tlog
C:\Users\Andy\Desktop\Programs\Nerual_Network\Nerual_Network\Debug\link.8220-rc.read.1.tlog
C:\Users\Andy\Desktop\Programs\Nerual_Network\Nerual_Network\Debug\link.8220-rc.write.1.tlog
C:\Users\Andy\Desktop\Programs\Nerual_Network\Nerual_Network\Debug\link.8220.read.1.tlog
C:\Users\Andy\Desktop\Programs\Nerual_Network\Nerual_Network\Debug\link.8220.write.1.tlog
C:\Users\Andy\Desktop\Programs\Nerual_Network\Nerual_Network\Debug\link.command.1.tlog
C:\Users\Andy\Desktop\Programs\Nerual_Network\Nerual_Network\Debug\link.read.1.tlog
C:\Users\Andy\Desktop\Programs\Nerual_Network\Nerual_Network\Debug\link.write.1.tlog
C:\Users\Andy\Desktop\Programs\Nerual_Network\Nerual_Network\Debug\vc110.idb
C:\Users\Andy\Desktop\Programs\Nerual_Network\Nerual_Network\Debug\vc110.pdb
C:\Users\Andy\Desktop\Programs\Nerual_Network\Debug\Nerual_Network.pdb
C:\Users\Andy\Desktop\Programs\Nerual_Network\Debug\Nerual_Network.exe
C:\Users\Andy\Desktop\Programs\Nerual_Network\Debug\Nerual_Network.ilk
